#
# There is insufficient memory for the Java Runtime Environment to continue.
# Native memory allocation (malloc) failed to allocate 1048576 bytes for AllocateHeap
# Possible reasons:
#   The system is out of physical RAM or swap space
#   In 32 bit mode, the process size limit was hit
# Possible solutions:
#   Reduce memory load on the system
#   Increase physical memory or swap space
#   Check if swap backing store is full
#   Use 64 bit Java on a 64 bit OS
#   Decrease Java heap size (-Xmx/-Xms)
#   Decrease number of Java threads
#   Decrease Java thread stack sizes (-Xss)
#   Set larger code cache with -XX:ReservedCodeCacheSize=
# This output file may be truncated or incomplete.
#
#  Out of Memory Error (memory/allocation.inline.hpp:62), pid=2916, tid=1468
#
# JRE version:  (8.0_25-b18) (build )
# Java VM: Java HotSpot(TM) 64-Bit Server VM (25.25-b02 mixed mode windows-amd64 compressed oops)
# Failed to write core dump. Minidumps are not enabled by default on client versions of Windows
#

---------------  T H R E A D  ---------------

Current thread (0x0000000002880800):  JavaThread "Unknown thread" [_thread_in_vm, id=1468, stack(0x0000000002760000,0x0000000002860000)]

Stack: [0x0000000002760000,0x0000000002860000]
Native frames: (J=compiled Java code, j=interpreted, Vv=VM code, C=native code)
V  [jvm.dll+0x31667a]
V  [jvm.dll+0x267073]
V  [jvm.dll+0x267cb3]
V  [jvm.dll+0x25f5b5]
V  [jvm.dll+0x3defbf]
V  [jvm.dll+0x3dfaff]
V  [jvm.dll+0x3dfc14]
V  [jvm.dll+0x3dfde3]
V  [jvm.dll+0xe53f2]
V  [jvm.dll+0x1f9b19]
V  [jvm.dll+0x22b2e4]
V  [jvm.dll+0x14d571]
C  [javaw.exe+0x20c6]
C  [javaw.exe+0xc9eb]
C  [javaw.exe+0xca7f]
C  [KERNEL32.DLL+0x13d2]
C  [ntdll.dll+0x15444]


---------------  P R O C E S S  ---------------

Java Threads: ( => current thread )

Other Threads:

=>0x0000000002880800 (exited) JavaThread "Unknown thread" [_thread_in_vm, id=1468, stack(0x0000000002760000,0x0000000002860000)]

VM state:not at safepoint (normal execution)

VM Mutex/Monitor currently owned by a thread: None

Heap:
 PSYoungGen      total 38400K, used 665K [0x00000000d5c00000, 0x00000000d8680000, 0x0000000100000000)
  eden space 33280K, 2% used [0x00000000d5c00000,0x00000000d5ca6670,0x00000000d7c80000)
  from space 5120K, 0% used [0x00000000d8180000,0x00000000d8180000,0x00000000d8680000)
  to   space 5120K, 0% used [0x00000000d7c80000,0x00000000d7c80000,0x00000000d8180000)
 ParOldGen       total 87552K, used 0K [0x0000000081400000, 0x0000000086980000, 0x00000000d5c00000)
  object space 87552K, 0% used [0x0000000081400000,0x0000000081400000,0x0000000086980000)
 Metaspace       used 674K, capacity 4480K, committed 4480K, reserved 1056768K
  class space    used 66K, capacity 384K, committed 384K, reserved 1048576K

Card table byte_map: [0x0000000011d40000,0x0000000012140000] byte_map_base: 0x0000000011936000

Marking Bits: (ParMarkBitMap*) 0x000000007407d490
 Begin Bits: [0x0000000012bf0000, 0x0000000014ba0000)
 End Bits:   [0x0000000014ba0000, 0x0000000016b50000)

Polling page: 0x0000000000ef0000

CodeCache: size=245760Kb used=327Kb max_used=327Kb free=245432Kb
 bounds [0x0000000002980000, 0x0000000002bf0000, 0x0000000011980000]
 total_blobs=56 nmethods=0 adapters=37
 compilation: enabled

Compilation events (0 events):
No events

GC Heap History (0 events):
No events

Deoptimization events (0 events):
No events

Internal exceptions (0 events):
No events

Events (10 events):
Event: 0.015 loading class java/lang/Short
Event: 0.015 loading class java/lang/Short done
Event: 0.015 loading class java/lang/Integer
Event: 0.015 loading class java/lang/Integer done
Event: 0.015 loading class java/lang/Long
Event: 0.015 loading class java/lang/Long done
Event: 0.015 loading class java/lang/NullPointerException
Event: 0.015 loading class java/lang/NullPointerException done
Event: 0.015 loading class java/lang/ArithmeticException
Event: 0.015 loading class java/lang/ArithmeticException done


Dynamic libraries:
0x00007ff704b30000 - 0x00007ff704b64000 	C:\Tools\Java\jdk8_25\bin\javaw.exe
0x00007fff14f80000 - 0x00007fff1512c000 	C:\WINDOWS\SYSTEM32\ntdll.dll
0x00007fff14e40000 - 0x00007fff14f7e000 	C:\WINDOWS\system32\KERNEL32.DLL
0x00007fff121a0000 - 0x00007fff122b5000 	C:\WINDOWS\system32\KERNELBASE.dll
0x00007fff10c70000 - 0x00007fff10cfe000 	C:\WINDOWS\system32\apphelp.dll
0x00007fff02c10000 - 0x00007fff02c63000 	C:\WINDOWS\AppPatch\AppPatch64\AcGenral.DLL
0x00007fff13ec0000 - 0x00007fff13f6a000 	C:\WINDOWS\system32\msvcrt.dll
0x00007fff11f70000 - 0x00007fff11f9e000 	C:\WINDOWS\SYSTEM32\SspiCli.dll
0x00007fff13e60000 - 0x00007fff13eb4000 	C:\WINDOWS\system32\SHLWAPI.dll
0x00007fff14260000 - 0x00007fff143d7000 	C:\WINDOWS\system32\USER32.dll
0x00007fff14ca0000 - 0x00007fff14e34000 	C:\WINDOWS\system32\ole32.dll
0x00007fff12790000 - 0x00007fff13ca8000 	C:\WINDOWS\system32\SHELL32.dll
0x00007fff116f0000 - 0x00007fff11711000 	C:\WINDOWS\SYSTEM32\USERENV.dll
0x00007fff14440000 - 0x00007fff144ea000 	C:\WINDOWS\system32\ADVAPI32.dll
0x00007fff0a020000 - 0x00007fff0a03e000 	C:\WINDOWS\SYSTEM32\MPR.dll
0x00007fff13cb0000 - 0x00007fff13df1000 	C:\WINDOWS\system32\RPCRT4.dll
0x00007fff143e0000 - 0x00007fff14439000 	C:\WINDOWS\SYSTEM32\sechost.dll
0x00007fff13f70000 - 0x00007fff14181000 	C:\WINDOWS\SYSTEM32\combase.dll
0x00007fff14b40000 - 0x00007fff14c91000 	C:\WINDOWS\system32\GDI32.dll
0x00007fff120d0000 - 0x00007fff120e5000 	C:\WINDOWS\SYSTEM32\profapi.dll
0x00007fff10620000 - 0x00007fff106d2000 	C:\WINDOWS\SYSTEM32\SHCORE.dll
0x00007fff13e20000 - 0x00007fff13e56000 	C:\WINDOWS\system32\IMM32.DLL
0x00007fff12620000 - 0x00007fff12772000 	C:\WINDOWS\system32\MSCTF.dll
0x00007fff0fa10000 - 0x00007fff0fc8b000 	C:\WINDOWS\WinSxS\amd64_microsoft.windows.common-controls_6595b64144ccf1df_6.0.9600.17784_none_624760d1ecb7236e\COMCTL32.dll
0x0000000074d60000 - 0x0000000074e32000 	C:\Tools\Java\jdk8_25\jre\bin\msvcr100.dll
0x00000000738a0000 - 0x00000000740fa000 	C:\Tools\Java\jdk8_25\jre\bin\server\jvm.dll
0x00007ffef9250000 - 0x00007ffef9259000 	C:\WINDOWS\SYSTEM32\WSOCK32.dll
0x00007fff0c1d0000 - 0x00007fff0c1f2000 	C:\WINDOWS\SYSTEM32\WINMM.dll
0x00007fff14190000 - 0x00007fff14197000 	C:\WINDOWS\system32\PSAPI.DLL
0x00007fff14730000 - 0x00007fff1478a000 	C:\WINDOWS\system32\WS2_32.dll
0x00007fff0c1a0000 - 0x00007fff0c1ca000 	C:\WINDOWS\SYSTEM32\WINMMBASE.dll
0x00007fff12780000 - 0x00007fff12789000 	C:\WINDOWS\system32\NSI.dll
0x00007fff125b0000 - 0x00007fff125ff000 	C:\WINDOWS\SYSTEM32\cfgmgr32.dll
0x00007fff10ec0000 - 0x00007fff10ee8000 	C:\WINDOWS\SYSTEM32\DEVOBJ.dll
0x0000000074d30000 - 0x0000000074d3f000 	C:\Tools\Java\jdk8_25\jre\bin\verify.dll
0x0000000073870000 - 0x0000000073898000 	C:\Tools\Java\jdk8_25\jre\bin\java.dll
0x0000000073850000 - 0x0000000073866000 	C:\Tools\Java\jdk8_25\jre\bin\zip.dll
0x00007fff07e50000 - 0x00007fff07fd9000 	C:\WINDOWS\SYSTEM32\dbghelp.dll

VM Arguments:
jvm_args: -Dfile.encoding=Cp1252 
java_command: org.eclipse.jdt.internal.junit.runner.RemoteTestRunner -version 3 -port 51196 -testLoaderClass org.eclipse.jdt.internal.junit4.runner.JUnit4TestLoader -loaderpluginname org.eclipse.jdt.junit4.runtime -classNames test.SchedulerTest
java_class_path (initial): C:\Tools\src\eclipseWB\ResourceScheduler\bin;C:\Tools\eclipse\plugins\org.junit_4.11.0.v201303080030\junit.jar;C:\Tools\eclipse\plugins\org.hamcrest.core_1.3.0.v201303031735.jar;/C:/Tools/eclipse/configuration/org.eclipse.osgi/362/0/.cp/;/C:/Tools/eclipse/configuration/org.eclipse.osgi/361/0/.cp/
Launcher Type: SUN_STANDARD

Environment Variables:
JAVA_HOME=c:\Tools\Java\jdk8_25
PATH=c:/Tools/Java/jdk8_25/bin/../jre/bin/server;c:/Tools/Java/jdk8_25/bin/../jre/bin;c:/Tools/Java/jdk8_25/bin/../jre/lib/amd64;c:\Tools\Java\jdk8_25\bin;C:\ProgramData\Oracle\Java\javapath;C:\Program Files (x86)\Intel\iCLS Client\;C:\Program Files\Intel\iCLS Client\;C:\WINDOWS\system32;C:\WINDOWS;C:\WINDOWS\System32\Wbem;C:\WINDOWS\System32\WindowsPowerShell\v1.0\;C:\Program Files\Intel\Intel(R) Management Engine Components\DAL;C:\Program Files\Intel\Intel(R) Management Engine Components\IPT;C:\Program Files (x86)\Intel\Intel(R) Management Engine Components\DAL;C:\Program Files (x86)\Intel\Intel(R) Management Engine Components\IPT;C:\Program Files (x86)\ATI Technologies\ATI.ACE\Core-Static;C:\Program Files\Lenovo\Bluetooth Software\;C:\Program Files\Lenovo\Bluetooth Software\syswow64;C:\Program Files (x86)\GNU\GnuPG\pub;C:\Program Files (x86)\Skype\Phone\;c:\Tools\eclipse;
USERNAME=ManuelVicente
OS=Windows_NT
PROCESSOR_IDENTIFIER=Intel64 Family 6 Model 60 Stepping 3, GenuineIntel



---------------  S Y S T E M  ---------------

OS: Windows 8.1 , 64 bit Build 9600 

CPU:total 8 (4 cores per cpu, 2 threads per core) family 6 model 60 stepping 3, cmov, cx8, fxsr, mmx, sse, sse2, sse3, ssse3, sse4.1, sse4.2, popcnt, avx, avx2, aes, clmul, erms, lzcnt, ht, tsc, tscinvbit, bmi1, bmi2

Memory: 4k page, physical 8298776k(1541084k free), swap 8298776k(6132k free)

vm_info: Java HotSpot(TM) 64-Bit Server VM (25.25-b02) for windows-amd64 JRE (1.8.0_25-b18), built on Oct  7 2014 14:25:37 by "java_re" with MS VC++ 10.0 (VS2010)

time: Sun Jun 07 21:20:13 2015
elapsed time: 0 seconds (0d 0h 0m 0s)

